<?xml version="1.0" encoding="UTF-8"?><testsuite name="nosetests" tests="162" errors="0" failures="0" skip="0"><testcase classname="test_cleanup.SfcCleanupTesting" name="test_cleanup" time="0.003"></testcase><testcase classname="test_cleanup.SfcCleanupTesting" name="test_cleanup_from_bash" time="0.002"></testcase><testcase classname="test_cleanup.SfcCleanupTesting" name="test_cleanup_mano_objects_nsfc" time="0.001"></testcase><testcase classname="test_cleanup.SfcCleanupTesting" name="test_cleanup_mano_objects_tacker" time="0.001"></testcase><testcase classname="test_cleanup.SfcCleanupTesting" name="test_cleanup_nsfc_objects" time="0.059"></testcase><testcase classname="test_cleanup.SfcCleanupTesting" name="test_cleanup_odl" time="0.002"></testcase><testcase classname="test_cleanup.SfcCleanupTesting" name="test_cleanup_tacker_objects" time="0.004"></testcase><testcase classname="test_cleanup.SfcCleanupTesting" name="test_delete_odl_ietf_access_lists" time="0.002"></testcase><testcase classname="test_cleanup.SfcCleanupTesting" name="test_delete_odl_resource" time="0.003"></testcase><testcase classname="test_cleanup.SfcCleanupTesting" name="test_delete_openstack_objects_exception" time="0.004"></testcase><testcase classname="test_cleanup.SfcCleanupTesting" name="test_delete_untracked_security_groups" time="0.058"></testcase><testcase classname="test_cleanup.SfcCleanupTesting" name="test_delete_vims_not_empty_list" time="0.002"></testcase><testcase classname="test_cleanup.SfcCleanupTesting" name="test_delete_vims_returned_list_is_none" time="0.001"></testcase><testcase classname="test_cleanup.SfcCleanupTesting" name="test_delete_vnfds_not_empty_list" time="0.002"></testcase><testcase classname="test_cleanup.SfcCleanupTesting" name="test_delete_vnfds_returned_list_is_none" time="0.001"></testcase><testcase classname="test_cleanup.SfcCleanupTesting" name="test_delete_vnffgds_not_empty_list" time="0.002"></testcase><testcase classname="test_cleanup.SfcCleanupTesting" name="test_delete_vnffgds_returned_list_is_none" time="0.001"></testcase><testcase classname="test_cleanup.SfcCleanupTesting" name="test_delete_vnffgs_not_empty_list" time="0.004"></testcase><testcase classname="test_cleanup.SfcCleanupTesting" name="test_delete_vnffgs_returned_list_is_none" time="0.001"></testcase><testcase classname="test_cleanup.SfcCleanupTesting" name="test_delete_vnfs_not_empty_list" time="0.002"></testcase><testcase classname="test_cleanup.SfcCleanupTesting" name="test_delete_vnfs_returned_list_is_none" time="0.001"></testcase><testcase classname="test_odl_utils.SfcOdlUtilsTesting" name="test_actual_rsps_in_compute" time="0.034"></testcase><testcase classname="test_odl_utils.SfcOdlUtilsTesting" name="test_check_vnffg_deletion_returns_false_classification_flow_in_compute" time="0.042"></testcase><testcase classname="test_odl_utils.SfcOdlUtilsTesting" name="test_check_vnffg_deletion_returns_false_error_getting_compute" time="0.040"></testcase><testcase classname="test_odl_utils.SfcOdlUtilsTesting" name="test_check_vnffg_deletion_returns_false_rsps_still_active" time="0.034"></testcase><testcase classname="test_odl_utils.SfcOdlUtilsTesting" name="test_check_vnffg_deletion_returns_true" time="0.036"></testcase><testcase classname="test_odl_utils.SfcOdlUtilsTesting" name="test_delete_acl" time="0.003"></testcase><testcase classname="test_odl_utils.SfcOdlUtilsTesting" name="test_delete_odl_acl" time="0.004"></testcase><testcase classname="test_odl_utils.SfcOdlUtilsTesting" name="test_delete_odl_resource_elem" time="0.006"></testcase><testcase classname="test_odl_utils.SfcOdlUtilsTesting" name="test_find_compute" time="0.028"></testcase><testcase classname="test_odl_utils.SfcOdlUtilsTesting" name="test_find_compute_raises_exception" time="0.032"></testcase><testcase classname="test_odl_utils.SfcOdlUtilsTesting" name="test_format_odl_acl_list_url" time="0.000"></testcase><testcase classname="test_odl_utils.SfcOdlUtilsTesting" name="test_format_odl_resource_elem_url" time="0.004"></testcase><testcase classname="test_odl_utils.SfcOdlUtilsTesting" name="test_format_odl_resource_list_url" time="0.006"></testcase><testcase classname="test_odl_utils.SfcOdlUtilsTesting" name="test_get_active_rsps_on_ports" time="0.038"></testcase><testcase classname="test_odl_utils.SfcOdlUtilsTesting" name="test_get_module" time="0.000"></testcase><testcase classname="test_odl_utils.SfcOdlUtilsTesting" name="test_get_odl_acl_list" time="0.005"></testcase><testcase classname="test_odl_utils.SfcOdlUtilsTesting" name="test_get_odl_ip_port" time="0.068"></testcase><testcase classname="test_odl_utils.SfcOdlUtilsTesting" name="test_get_odl_items" time="0.059"></testcase><testcase classname="test_odl_utils.SfcOdlUtilsTesting" name="test_get_odl_resource_elem" time="0.006"></testcase><testcase classname="test_odl_utils.SfcOdlUtilsTesting" name="test_get_odl_resource_list" time="0.005"></testcase><testcase classname="test_odl_utils.SfcOdlUtilsTesting" name="test_get_rsp" time="0.002"></testcase><testcase classname="test_odl_utils.SfcOdlUtilsTesting" name="test_get_rsps_from_netvirt_acl_actions" time="0.002"></testcase><testcase classname="test_odl_utils.SfcOdlUtilsTesting" name="test_improve_json_layout" time="0.004"></testcase><testcase classname="test_odl_utils.SfcOdlUtilsTesting" name="test_odl_acl_types_names" time="0.000"></testcase><testcase classname="test_odl_utils.SfcOdlUtilsTesting" name="test_odl_acl_types_names_returns_empty_list" time="0.000"></testcase><testcase classname="test_odl_utils.SfcOdlUtilsTesting" name="test_odl_resource_list_names" time="0.001"></testcase><testcase classname="test_odl_utils.SfcOdlUtilsTesting" name="test_odl_resource_list_names_returns_empty_list" time="0.001"></testcase><testcase classname="test_odl_utils.SfcOdlUtilsTesting" name="test_pluralize" time="0.000"></testcase><testcase classname="test_odl_utils.SfcOdlUtilsTesting" name="test_promised_rsps_in_compute" time="0.002"></testcase><testcase classname="test_odl_utils.SfcOdlUtilsTesting" name="test_timethis" time="0.031"></testcase><testcase classname="test_odl_utils.SfcOdlUtilsTesting" name="test_wait_for_classification_rules_rsps_not_configured" time="0.082"></testcase><testcase classname="test_odl_utils.SfcOdlUtilsTesting" name="test_wait_for_classification_rules_timeout_not_updated" time="0.043"></testcase><testcase classname="test_odl_utils.SfcOdlUtilsTesting" name="test_wait_for_classification_rules_updated" time="0.040"></testcase><testcase classname="test_openstack_utils.SfcOpenStackUtilsTesting" name="test_assign_floating_ip" time="0.097"></testcase><testcase classname="test_openstack_utils.SfcOpenStackUtilsTesting" name="test_assign_floating_ip_vnfs" time="0.018"></testcase><testcase classname="test_openstack_utils.SfcOpenStackUtilsTesting" name="test_assign_floating_ip_vnfs_raised_exception_ips_not_provided" time="0.042"></testcase><testcase classname="test_openstack_utils.SfcOpenStackUtilsTesting" name="test_assign_floating_ip_vnfs_raised_exception_ips_provided" time="0.044"></testcase><testcase classname="test_openstack_utils.SfcOpenStackUtilsTesting" name="test_compute_client" time="0.011"></testcase><testcase classname="test_openstack_utils.SfcOpenStackUtilsTesting" name="test_create_chain" time="0.043"></testcase><testcase classname="test_openstack_utils.SfcOpenStackUtilsTesting" name="test_create_chain_symmetric" time="0.041"></testcase><testcase classname="test_openstack_utils.SfcOpenStackUtilsTesting" name="test_create_flavour" time="0.060"></testcase><testcase classname="test_openstack_utils.SfcOpenStackUtilsTesting" name="test_create_instance" time="0.154"></testcase><testcase classname="test_openstack_utils.SfcOpenStackUtilsTesting" name="test_create_instance_port_security_false" time="0.140"></testcase><testcase classname="test_openstack_utils.SfcOpenStackUtilsTesting" name="test_create_network_infrastructure" time="0.092"></testcase><testcase classname="test_openstack_utils.SfcOpenStackUtilsTesting" name="test_create_port_groups_raises_exception" time="0.040"></testcase><testcase classname="test_openstack_utils.SfcOpenStackUtilsTesting" name="test_create_port_groups_returns_id" time="0.048"></testcase><testcase classname="test_openstack_utils.SfcOpenStackUtilsTesting" name="test_create_port_groups_returns_none_from_pp" time="0.044"></testcase><testcase classname="test_openstack_utils.SfcOpenStackUtilsTesting" name="test_create_port_groups_returns_none_from_ppg" time="0.050"></testcase><testcase classname="test_openstack_utils.SfcOpenStackUtilsTesting" name="test_create_security_group" time="0.090"></testcase><testcase classname="test_openstack_utils.SfcOpenStackUtilsTesting" name="test_delete_all_security_groups" time="0.014"></testcase><testcase classname="test_openstack_utils.SfcOpenStackUtilsTesting" name="test_delete_chain" time="0.041"></testcase><testcase classname="test_openstack_utils.SfcOpenStackUtilsTesting" name="test_delete_port_groups" time="0.109"></testcase><testcase classname="test_openstack_utils.SfcOpenStackUtilsTesting" name="test_get_av_zones" time="0.015"></testcase><testcase classname="test_openstack_utils.SfcOpenStackUtilsTesting" name="test_get_compute_server" time="0.016"></testcase><testcase classname="test_openstack_utils.SfcOpenStackUtilsTesting" name="test_get_instance_port" time="0.131"></testcase><testcase classname="test_openstack_utils.SfcOpenStackUtilsTesting" name="test_get_instance_port_raised_exceptioin" time="0.122"></testcase><testcase classname="test_openstack_utils.SfcOpenStackUtilsTesting" name="test_get_vm_compute" time="0.009"></testcase><testcase classname="test_openstack_utils.SfcOpenStackUtilsTesting" name="test_get_vm_compute_raised_exception" time="0.009"></testcase><testcase classname="test_openstack_utils.SfcOpenStackUtilsTesting" name="test_register_glance_image_is_local" time="0.068"></testcase><testcase classname="test_openstack_utils.SfcOpenStackUtilsTesting" name="test_register_glance_image_is_not_local" time="0.067"></testcase><testcase classname="test_openstack_utils.SfcOpenStackUtilsTesting" name="test_wait_for_vnf" time="0.102"></testcase><testcase classname="test_openstack_utils.SfcTackerSectionTesting" name="test_create_vim" time="0.167"></testcase><testcase classname="test_openstack_utils.SfcTackerSectionTesting" name="test_create_vim_returned_none" time="0.169"></testcase><testcase classname="test_openstack_utils.SfcTackerSectionTesting" name="test_create_vnf_in_av_zone" time="0.132"></testcase><testcase classname="test_openstack_utils.SfcTackerSectionTesting" name="test_create_vnf_returned_none_vnfd_not_provided" time="0.153"></testcase><testcase classname="test_openstack_utils.SfcTackerSectionTesting" name="test_create_vnf_returned_none_vnfd_provided" time="0.163"></testcase><testcase classname="test_openstack_utils.SfcTackerSectionTesting" name="test_create_vnf_vim_id_not_provided" time="0.177"></testcase><testcase classname="test_openstack_utils.SfcTackerSectionTesting" name="test_create_vnf_vim_id_provided" time="0.254"></testcase><testcase classname="test_openstack_utils.SfcTackerSectionTesting" name="test_create_vnfd" time="0.154"></testcase><testcase classname="test_openstack_utils.SfcTackerSectionTesting" name="test_create_vnfd_returned_none_tosca_file_not_provided" time="0.149"></testcase><testcase classname="test_openstack_utils.SfcTackerSectionTesting" name="test_create_vnfd_returned_none_tosca_file_provided" time="0.162"></testcase><testcase classname="test_openstack_utils.SfcTackerSectionTesting" name="test_create_vnffg_returned_none" time="0.179"></testcase><testcase classname="test_openstack_utils.SfcTackerSectionTesting" name="test_create_vnffg_vnffgd_id_not_provided" time="0.157"></testcase><testcase classname="test_openstack_utils.SfcTackerSectionTesting" name="test_create_vnffg_vnffgd_id_provided" time="0.158"></testcase><testcase classname="test_openstack_utils.SfcTackerSectionTesting" name="test_create_vnffg_with_param_file" time="0.164"></testcase><testcase classname="test_openstack_utils.SfcTackerSectionTesting" name="test_create_vnffgd" time="0.171"></testcase><testcase classname="test_openstack_utils.SfcTackerSectionTesting" name="test_create_vnffgd_returned_none" time="0.161"></testcase><testcase classname="test_openstack_utils.SfcTackerSectionTesting" name="test_delete_vim" time="0.132"></testcase><testcase classname="test_openstack_utils.SfcTackerSectionTesting" name="test_delete_vim_returned_none" time="0.298"></testcase><testcase classname="test_openstack_utils.SfcTackerSectionTesting" name="test_delete_vnf" time="0.194"></testcase><testcase classname="test_openstack_utils.SfcTackerSectionTesting" name="test_delete_vnf_returned_none" time="0.186"></testcase><testcase classname="test_openstack_utils.SfcTackerSectionTesting" name="test_delete_vnfd" time="0.143"></testcase><testcase classname="test_openstack_utils.SfcTackerSectionTesting" name="test_delete_vnfd_returned_none" time="0.183"></testcase><testcase classname="test_openstack_utils.SfcTackerSectionTesting" name="test_delete_vnffg" time="0.148"></testcase><testcase classname="test_openstack_utils.SfcTackerSectionTesting" name="test_delete_vnffg_returned_none" time="0.179"></testcase><testcase classname="test_openstack_utils.SfcTackerSectionTesting" name="test_delete_vnffgd" time="0.161"></testcase><testcase classname="test_openstack_utils.SfcTackerSectionTesting" name="test_delete_vnffgd_returned_none" time="0.177"></testcase><testcase classname="test_openstack_utils.SfcTackerSectionTesting" name="test_get_id_from_name" time="0.194"></testcase><testcase classname="test_openstack_utils.SfcTackerSectionTesting" name="test_get_id_from_name_returned_none" time="0.218"></testcase><testcase classname="test_openstack_utils.SfcTackerSectionTesting" name="test_get_tacker_client" time="0.157"></testcase><testcase classname="test_openstack_utils.SfcTackerSectionTesting" name="test_get_tacker_client_version" time="0.154"></testcase><testcase classname="test_openstack_utils.SfcTackerSectionTesting" name="test_get_tacker_client_version_returned_default" time="0.333"></testcase><testcase classname="test_openstack_utils.SfcTackerSectionTesting" name="test_get_tacker_items" time="0.165"></testcase><testcase classname="test_openstack_utils.SfcTackerSectionTesting" name="test_get_vim_id" time="0.154"></testcase><testcase classname="test_openstack_utils.SfcTackerSectionTesting" name="test_get_vnf" time="0.184"></testcase><testcase classname="test_openstack_utils.SfcTackerSectionTesting" name="test_get_vnf_id" time="0.190"></testcase><testcase classname="test_openstack_utils.SfcTackerSectionTesting" name="test_get_vnf_ip" time="0.150"></testcase><testcase classname="test_openstack_utils.SfcTackerSectionTesting" name="test_get_vnf_returned_none_vnf_not_provided" time="0.183"></testcase><testcase classname="test_openstack_utils.SfcTackerSectionTesting" name="test_get_vnf_returned_none_vnf_provided" time="0.187"></testcase><testcase classname="test_openstack_utils.SfcTackerSectionTesting" name="test_get_vnfd_id" time="0.180"></testcase><testcase classname="test_openstack_utils.SfcTackerSectionTesting" name="test_get_vnffg_id" time="0.189"></testcase><testcase classname="test_openstack_utils.SfcTackerSectionTesting" name="test_get_vnffgd_id" time="0.161"></testcase><testcase classname="test_openstack_utils.SfcTackerSectionTesting" name="test_list_vims" time="0.163"></testcase><testcase classname="test_openstack_utils.SfcTackerSectionTesting" name="test_list_vims_returned_none" time="0.178"></testcase><testcase classname="test_openstack_utils.SfcTackerSectionTesting" name="test_list_vnfds" time="0.162"></testcase><testcase classname="test_openstack_utils.SfcTackerSectionTesting" name="test_list_vnfds_returned_none" time="0.346"></testcase><testcase classname="test_openstack_utils.SfcTackerSectionTesting" name="test_list_vnffgds" time="0.136"></testcase><testcase classname="test_openstack_utils.SfcTackerSectionTesting" name="test_list_vnffgds_returned_none" time="0.157"></testcase><testcase classname="test_openstack_utils.SfcTackerSectionTesting" name="test_list_vnffgs" time="0.135"></testcase><testcase classname="test_openstack_utils.SfcTackerSectionTesting" name="test_list_vnffgs_returned_none" time="0.159"></testcase><testcase classname="test_openstack_utils.SfcTackerSectionTesting" name="test_list_vnfs" time="0.130"></testcase><testcase classname="test_openstack_utils.SfcTackerSectionTesting" name="test_list_vnfs_returned_none" time="0.158"></testcase><testcase classname="test_openstack_utils.SfcTackerSectionTesting" name="test_register_vim" time="0.145"></testcase><testcase classname="test_openstack_utils.SfcTackerSectionTesting" name="test_wait_for_vnf" time="0.163"></testcase><testcase classname="test_openstack_utils.SfcTackerSectionTesting" name="test_wait_for_vnf_returned_none_timeout_booting_vnf" time="0.161"></testcase><testcase classname="test_openstack_utils.SfcTackerSectionTesting" name="test_wait_for_vnf_returned_none_unable_to_boot_vnf" time="0.160"></testcase><testcase classname="test_openstack_utils.SfcTackerSectionTesting" name="test_wait_for_vnf_returned_none_unable_to_retrieve_vnf" time="0.169"></testcase><testcase classname="test_test_utils.SfcTestUtilsTesting" name="test_capture_ovs_logs" time="0.032"></testcase><testcase classname="test_test_utils.SfcTestUtilsTesting" name="test_check_ssh_returned_false" time="0.041"></testcase><testcase classname="test_test_utils.SfcTestUtilsTesting" name="test_check_ssh_returned_true" time="0.040"></testcase><testcase classname="test_test_utils.SfcTestUtilsTesting" name="test_download_image_file_found" time="0.041"></testcase><testcase classname="test_test_utils.SfcTestUtilsTesting" name="test_download_image_file_not_found" time="0.035"></testcase><testcase classname="test_test_utils.SfcTestUtilsTesting" name="test_download_url_with_exception" time="0.004"></testcase><testcase classname="test_test_utils.SfcTestUtilsTesting" name="test_download_url_without_exception" time="0.007"></testcase><testcase classname="test_test_utils.SfcTestUtilsTesting" name="test_fill_installer_dict" time="0.000"></testcase><testcase classname="test_test_utils.SfcTestUtilsTesting" name="test_get_ssh_clients" time="0.000"></testcase><testcase classname="test_test_utils.SfcTestUtilsTesting" name="test_is_http_blocked_returned_false" time="0.003"></testcase><testcase classname="test_test_utils.SfcTestUtilsTesting" name="test_is_http_blocked_returned_true" time="0.003"></testcase><testcase classname="test_test_utils.SfcTestUtilsTesting" name="test_is_ssh_blocked_returned_false" time="0.002"></testcase><testcase classname="test_test_utils.SfcTestUtilsTesting" name="test_is_ssh_blocked_returned_true" time="0.003"></testcase><testcase classname="test_test_utils.SfcTestUtilsTesting" name="test_netcat" time="0.032"></testcase><testcase classname="test_test_utils.SfcTestUtilsTesting" name="test_ping_gets_error" time="0.003"></testcase><testcase classname="test_test_utils.SfcTestUtilsTesting" name="test_ping_gets_no_error" time="0.003"></testcase><testcase classname="test_test_utils.SfcTestUtilsTesting" name="test_run_cmd" time="0.095"></testcase><testcase classname="test_test_utils.SfcTestUtilsTesting" name="test_run_cmd_remote" time="0.002"></testcase><testcase classname="test_test_utils.SfcTestUtilsTesting" name="test_start_http_server_returned_false_failed_to_start" time="0.041"></testcase><testcase classname="test_test_utils.SfcTestUtilsTesting" name="test_start_http_server_returned_false_port_is_down" time="0.042"></testcase><testcase classname="test_test_utils.SfcTestUtilsTesting" name="test_start_http_server_returned_true" time="0.034"></testcase><testcase classname="test_test_utils.SfcTestUtilsTesting" name="test_start_vxlan_tool_returned_false" time="0.033"></testcase><testcase classname="test_test_utils.SfcTestUtilsTesting" name="test_start_vxlan_tool_returned_output" time="0.037"></testcase><testcase classname="test_test_utils.SfcTestUtilsTesting" name="test_stop_vxlan_tool" time="0.005"></testcase></testsuite>